INFO - 2024-04-19 21:42:40 --> Session: Class initialized using 'CodeIgniter\Session\Handlers\FileHandler' driver.
INFO - 2024-04-19 23:34:55 --> Session: Class initialized using 'CodeIgniter\Session\Handlers\FileHandler' driver.
INFO - 2024-04-19 23:34:55 --> Session: Class initialized using 'CodeIgniter\Session\Handlers\FileHandler' driver.
CRITICAL - 2024-04-19 23:34:55 --> ErrorException: Undefined array key "id_outlet"
in APPPATH\Views\dashboard.php on line 123.
 1 APPPATH\Views\dashboard.php(123): CodeIgniter\Debug\Exceptions->errorHandler(2, 'Undefined array key "id_outlet"', 'D:\\laundry-tekkom\\app\\Views\\dashboard.php', 123)
 2 SYSTEMPATH\View\View.php(228): include('D:\\laundry-tekkom\\app\\Views\\dashboard.php')
 3 SYSTEMPATH\View\View.php(231): CodeIgniter\View\View->CodeIgniter\View\{closure}()
 4 SYSTEMPATH\Common.php(1178): CodeIgniter\View\View->render('dashboard', [], true)
 5 APPPATH\Controllers\Dashboard.php(46): view('dashboard', [...])
 6 SYSTEMPATH\CodeIgniter.php(943): App\Controllers\Dashboard->index()
 7 SYSTEMPATH\CodeIgniter.php(503): CodeIgniter\CodeIgniter->runController(Object(App\Controllers\Dashboard))
 8 SYSTEMPATH\CodeIgniter.php(361): CodeIgniter\CodeIgniter->handleRequest(null, Object(Config\Cache), false)
 9 FCPATH\index.php(79): CodeIgniter\CodeIgniter->run()
10 SYSTEMPATH\Commands\Server\rewrite.php(47): require_once('D:\\laundry-tekkom\\public\\index.php')
INFO - 2024-04-19 23:35:16 --> Session: Class initialized using 'CodeIgniter\Session\Handlers\FileHandler' driver.
ERROR - 2024-04-19 23:35:16 --> mysqli_sql_exception: Table 'laundry_tekkom.tb_outlet' doesn't exist in D:\laundry-tekkom\vendor\codeigniter4\framework\system\Database\MySQLi\Connection.php:306
Stack trace:
#0 D:\laundry-tekkom\vendor\codeigniter4\framework\system\Database\MySQLi\Connection.php(306): mysqli->query('SELECT *\nFROM `...', 0)
#1 D:\laundry-tekkom\vendor\codeigniter4\framework\system\Database\BaseConnection.php(693): CodeIgniter\Database\MySQLi\Connection->execute('SELECT *\nFROM `...')
#2 D:\laundry-tekkom\vendor\codeigniter4\framework\system\Database\BaseConnection.php(607): CodeIgniter\Database\BaseConnection->simpleQuery('SELECT *\nFROM `...')
#3 D:\laundry-tekkom\vendor\codeigniter4\framework\system\Database\BaseBuilder.php(1616): CodeIgniter\Database\BaseConnection->query('SELECT *\nFROM `...', Array, false)
#4 D:\laundry-tekkom\vendor\codeigniter4\framework\system\Model.php(243): CodeIgniter\Database\BaseBuilder->get()
#5 D:\laundry-tekkom\vendor\codeigniter4\framework\system\BaseModel.php(641): CodeIgniter\Model->doFindAll(0, 0)
#6 D:\laundry-tekkom\app\Models\OutletModel.php(17): CodeIgniter\BaseModel->findAll()
#7 D:\laundry-tekkom\app\Controllers\Dashboard.php(40): App\Models\OutletModel->getOutlet()
#8 D:\laundry-tekkom\vendor\codeigniter4\framework\system\CodeIgniter.php(943): App\Controllers\Dashboard->index()
#9 D:\laundry-tekkom\vendor\codeigniter4\framework\system\CodeIgniter.php(503): CodeIgniter\CodeIgniter->runController(Object(App\Controllers\Dashboard))
#10 D:\laundry-tekkom\vendor\codeigniter4\framework\system\CodeIgniter.php(361): CodeIgniter\CodeIgniter->handleRequest(NULL, Object(Config\Cache), false)
#11 D:\laundry-tekkom\public\index.php(79): CodeIgniter\CodeIgniter->run()
#12 D:\laundry-tekkom\vendor\codeigniter4\framework\system\Commands\Server\rewrite.php(47): require_once('D:\\laundry-tekk...')
#13 {main}
CRITICAL - 2024-04-19 23:35:16 --> CodeIgniter\Database\Exceptions\DatabaseException: Table 'laundry_tekkom.tb_outlet' doesn't exist
in SYSTEMPATH\Database\BaseConnection.php on line 647.
 1 SYSTEMPATH\Database\BaseBuilder.php(1616): CodeIgniter\Database\BaseConnection->query('SELECT *
FROM `tb_outlet`
ORDER BY `id_outlet` DESC', [], false)
 2 SYSTEMPATH\Model.php(243): CodeIgniter\Database\BaseBuilder->get()
 3 SYSTEMPATH\BaseModel.php(641): CodeIgniter\Model->doFindAll(0, 0)
 4 APPPATH\Models\OutletModel.php(17): CodeIgniter\BaseModel->findAll()
 5 APPPATH\Controllers\Dashboard.php(40): App\Models\OutletModel->getOutlet()
 6 SYSTEMPATH\CodeIgniter.php(943): App\Controllers\Dashboard->index()
 7 SYSTEMPATH\CodeIgniter.php(503): CodeIgniter\CodeIgniter->runController(Object(App\Controllers\Dashboard))
 8 SYSTEMPATH\CodeIgniter.php(361): CodeIgniter\CodeIgniter->handleRequest(null, Object(Config\Cache), false)
 9 FCPATH\index.php(79): CodeIgniter\CodeIgniter->run()
10 SYSTEMPATH\Commands\Server\rewrite.php(47): require_once('D:\\laundry-tekkom\\public\\index.php')
CRITICAL - 2024-04-19 23:35:17 --> [Caused by] CodeIgniter\Database\Exceptions\DatabaseException: Table 'laundry_tekkom.tb_outlet' doesn't exist
in SYSTEMPATH\Database\MySQLi\Connection.php on line 311.
 1 SYSTEMPATH\Database\BaseConnection.php(693): CodeIgniter\Database\MySQLi\Connection->execute('SELECT *
FROM `tb_outlet`
ORDER BY `id_outlet` DESC')
 2 SYSTEMPATH\Database\BaseConnection.php(607): CodeIgniter\Database\BaseConnection->simpleQuery('SELECT *
FROM `tb_outlet`
ORDER BY `id_outlet` DESC')
 3 SYSTEMPATH\Database\BaseBuilder.php(1616): CodeIgniter\Database\BaseConnection->query('SELECT *
FROM `tb_outlet`
ORDER BY `id_outlet` DESC', [], false)
 4 SYSTEMPATH\Model.php(243): CodeIgniter\Database\BaseBuilder->get()
 5 SYSTEMPATH\BaseModel.php(641): CodeIgniter\Model->doFindAll(0, 0)
 6 APPPATH\Models\OutletModel.php(17): CodeIgniter\BaseModel->findAll()
 7 APPPATH\Controllers\Dashboard.php(40): App\Models\OutletModel->getOutlet()
 8 SYSTEMPATH\CodeIgniter.php(943): App\Controllers\Dashboard->index()
 9 SYSTEMPATH\CodeIgniter.php(503): CodeIgniter\CodeIgniter->runController(Object(App\Controllers\Dashboard))
10 SYSTEMPATH\CodeIgniter.php(361): CodeIgniter\CodeIgniter->handleRequest(null, Object(Config\Cache), false)
11 FCPATH\index.php(79): CodeIgniter\CodeIgniter->run()
12 SYSTEMPATH\Commands\Server\rewrite.php(47): require_once('D:\\laundry-tekkom\\public\\index.php')
CRITICAL - 2024-04-19 23:35:17 --> [Caused by] mysqli_sql_exception: Table 'laundry_tekkom.tb_outlet' doesn't exist
in SYSTEMPATH\Database\MySQLi\Connection.php on line 306.
 1 SYSTEMPATH\Database\MySQLi\Connection.php(306): mysqli->query('SELECT *
FROM `tb_outlet`
ORDER BY `id_outlet` DESC', 0)
 2 SYSTEMPATH\Database\BaseConnection.php(693): CodeIgniter\Database\MySQLi\Connection->execute('SELECT *
FROM `tb_outlet`
ORDER BY `id_outlet` DESC')
 3 SYSTEMPATH\Database\BaseConnection.php(607): CodeIgniter\Database\BaseConnection->simpleQuery('SELECT *
FROM `tb_outlet`
ORDER BY `id_outlet` DESC')
 4 SYSTEMPATH\Database\BaseBuilder.php(1616): CodeIgniter\Database\BaseConnection->query('SELECT *
FROM `tb_outlet`
ORDER BY `id_outlet` DESC', [], false)
 5 SYSTEMPATH\Model.php(243): CodeIgniter\Database\BaseBuilder->get()
 6 SYSTEMPATH\BaseModel.php(641): CodeIgniter\Model->doFindAll(0, 0)
 7 APPPATH\Models\OutletModel.php(17): CodeIgniter\BaseModel->findAll()
 8 APPPATH\Controllers\Dashboard.php(40): App\Models\OutletModel->getOutlet()
 9 SYSTEMPATH\CodeIgniter.php(943): App\Controllers\Dashboard->index()
10 SYSTEMPATH\CodeIgniter.php(503): CodeIgniter\CodeIgniter->runController(Object(App\Controllers\Dashboard))
11 SYSTEMPATH\CodeIgniter.php(361): CodeIgniter\CodeIgniter->handleRequest(null, Object(Config\Cache), false)
12 FCPATH\index.php(79): CodeIgniter\CodeIgniter->run()
13 SYSTEMPATH\Commands\Server\rewrite.php(47): require_once('D:\\laundry-tekkom\\public\\index.php')
INFO - 2024-04-19 23:37:46 --> Session: Class initialized using 'CodeIgniter\Session\Handlers\FileHandler' driver.
ERROR - 2024-04-19 23:37:46 --> mysqli_sql_exception: Table 'laundry_tekkom.tb_user' doesn't exist in D:\laundry-tekkom\vendor\codeigniter4\framework\system\Database\MySQLi\Connection.php:306
Stack trace:
#0 D:\laundry-tekkom\vendor\codeigniter4\framework\system\Database\MySQLi\Connection.php(306): mysqli->query('SELECT COUNT(*)...', 0)
#1 D:\laundry-tekkom\vendor\codeigniter4\framework\system\Database\BaseConnection.php(693): CodeIgniter\Database\MySQLi\Connection->execute('SELECT COUNT(*)...')
#2 D:\laundry-tekkom\vendor\codeigniter4\framework\system\Database\BaseConnection.php(607): CodeIgniter\Database\BaseConnection->simpleQuery('SELECT COUNT(*)...')
#3 D:\laundry-tekkom\vendor\codeigniter4\framework\system\Database\BaseBuilder.php(1645): CodeIgniter\Database\BaseConnection->query('SELECT COUNT(*)...', NULL, false)
#4 D:\laundry-tekkom\vendor\codeigniter4\framework\system\Model.php(877): CodeIgniter\Database\BaseBuilder->countAll()
#5 D:\laundry-tekkom\app\Controllers\Dashboard.php(36): CodeIgniter\Model->__call('countAll', Array)
#6 D:\laundry-tekkom\vendor\codeigniter4\framework\system\CodeIgniter.php(943): App\Controllers\Dashboard->index()
#7 D:\laundry-tekkom\vendor\codeigniter4\framework\system\CodeIgniter.php(503): CodeIgniter\CodeIgniter->runController(Object(App\Controllers\Dashboard))
#8 D:\laundry-tekkom\vendor\codeigniter4\framework\system\CodeIgniter.php(361): CodeIgniter\CodeIgniter->handleRequest(NULL, Object(Config\Cache), false)
#9 D:\laundry-tekkom\public\index.php(79): CodeIgniter\CodeIgniter->run()
#10 D:\laundry-tekkom\vendor\codeigniter4\framework\system\Commands\Server\rewrite.php(47): require_once('D:\\laundry-tekk...')
#11 {main}
CRITICAL - 2024-04-19 23:37:46 --> CodeIgniter\Database\Exceptions\DatabaseException: Table 'laundry_tekkom.tb_user' doesn't exist
in SYSTEMPATH\Database\BaseConnection.php on line 647.
 1 SYSTEMPATH\Database\BaseBuilder.php(1645): CodeIgniter\Database\BaseConnection->query('SELECT COUNT(*) AS `numrows` FROM `tb_user`', null, false)
 2 SYSTEMPATH\Model.php(877): CodeIgniter\Database\BaseBuilder->countAll()
 3 APPPATH\Controllers\Dashboard.php(36): CodeIgniter\Model->__call('countAll', [])
 4 SYSTEMPATH\CodeIgniter.php(943): App\Controllers\Dashboard->index()
 5 SYSTEMPATH\CodeIgniter.php(503): CodeIgniter\CodeIgniter->runController(Object(App\Controllers\Dashboard))
 6 SYSTEMPATH\CodeIgniter.php(361): CodeIgniter\CodeIgniter->handleRequest(null, Object(Config\Cache), false)
 7 FCPATH\index.php(79): CodeIgniter\CodeIgniter->run()
 8 SYSTEMPATH\Commands\Server\rewrite.php(47): require_once('D:\\laundry-tekkom\\public\\index.php')
CRITICAL - 2024-04-19 23:37:46 --> [Caused by] CodeIgniter\Database\Exceptions\DatabaseException: Table 'laundry_tekkom.tb_user' doesn't exist
in SYSTEMPATH\Database\MySQLi\Connection.php on line 311.
 1 SYSTEMPATH\Database\BaseConnection.php(693): CodeIgniter\Database\MySQLi\Connection->execute('SELECT COUNT(*) AS `numrows` FROM `tb_user`')
 2 SYSTEMPATH\Database\BaseConnection.php(607): CodeIgniter\Database\BaseConnection->simpleQuery('SELECT COUNT(*) AS `numrows` FROM `tb_user`')
 3 SYSTEMPATH\Database\BaseBuilder.php(1645): CodeIgniter\Database\BaseConnection->query('SELECT COUNT(*) AS `numrows` FROM `tb_user`', null, false)
 4 SYSTEMPATH\Model.php(877): CodeIgniter\Database\BaseBuilder->countAll()
 5 APPPATH\Controllers\Dashboard.php(36): CodeIgniter\Model->__call('countAll', [])
 6 SYSTEMPATH\CodeIgniter.php(943): App\Controllers\Dashboard->index()
 7 SYSTEMPATH\CodeIgniter.php(503): CodeIgniter\CodeIgniter->runController(Object(App\Controllers\Dashboard))
 8 SYSTEMPATH\CodeIgniter.php(361): CodeIgniter\CodeIgniter->handleRequest(null, Object(Config\Cache), false)
 9 FCPATH\index.php(79): CodeIgniter\CodeIgniter->run()
10 SYSTEMPATH\Commands\Server\rewrite.php(47): require_once('D:\\laundry-tekkom\\public\\index.php')
CRITICAL - 2024-04-19 23:37:46 --> [Caused by] mysqli_sql_exception: Table 'laundry_tekkom.tb_user' doesn't exist
in SYSTEMPATH\Database\MySQLi\Connection.php on line 306.
 1 SYSTEMPATH\Database\MySQLi\Connection.php(306): mysqli->query('SELECT COUNT(*) AS `numrows` FROM `tb_user`', 0)
 2 SYSTEMPATH\Database\BaseConnection.php(693): CodeIgniter\Database\MySQLi\Connection->execute('SELECT COUNT(*) AS `numrows` FROM `tb_user`')
 3 SYSTEMPATH\Database\BaseConnection.php(607): CodeIgniter\Database\BaseConnection->simpleQuery('SELECT COUNT(*) AS `numrows` FROM `tb_user`')
 4 SYSTEMPATH\Database\BaseBuilder.php(1645): CodeIgniter\Database\BaseConnection->query('SELECT COUNT(*) AS `numrows` FROM `tb_user`', null, false)
 5 SYSTEMPATH\Model.php(877): CodeIgniter\Database\BaseBuilder->countAll()
 6 APPPATH\Controllers\Dashboard.php(36): CodeIgniter\Model->__call('countAll', [])
 7 SYSTEMPATH\CodeIgniter.php(943): App\Controllers\Dashboard->index()
 8 SYSTEMPATH\CodeIgniter.php(503): CodeIgniter\CodeIgniter->runController(Object(App\Controllers\Dashboard))
 9 SYSTEMPATH\CodeIgniter.php(361): CodeIgniter\CodeIgniter->handleRequest(null, Object(Config\Cache), false)
10 FCPATH\index.php(79): CodeIgniter\CodeIgniter->run()
11 SYSTEMPATH\Commands\Server\rewrite.php(47): require_once('D:\\laundry-tekkom\\public\\index.php')
INFO - 2024-04-19 23:38:55 --> Session: Class initialized using 'CodeIgniter\Session\Handlers\FileHandler' driver.
CRITICAL - 2024-04-19 23:38:55 --> Error: Class "App\Models\OutletModel" not found
in APPPATH\Controllers\Dashboard.php on line 26.
 1 SYSTEMPATH\CodeIgniter.php(915): App\Controllers\Dashboard->__construct()
 2 SYSTEMPATH\CodeIgniter.php(494): CodeIgniter\CodeIgniter->createController()
 3 SYSTEMPATH\CodeIgniter.php(361): CodeIgniter\CodeIgniter->handleRequest(null, Object(Config\Cache), false)
 4 FCPATH\index.php(79): CodeIgniter\CodeIgniter->run()
 5 SYSTEMPATH\Commands\Server\rewrite.php(47): require_once('D:\\laundry-tekkom\\public\\index.php')
INFO - 2024-04-19 23:39:55 --> Session: Class initialized using 'CodeIgniter\Session\Handlers\FileHandler' driver.
CRITICAL - 2024-04-19 23:39:55 --> ErrorException: Undefined variable $outlet
in APPPATH\Views\dashboard.php on line 122.
 1 APPPATH\Views\dashboard.php(122): CodeIgniter\Debug\Exceptions->errorHandler(2, 'Undefined variable $outlet', 'D:\\laundry-tekkom\\app\\Views\\dashboard.php', 122)
 2 SYSTEMPATH\View\View.php(228): include('D:\\laundry-tekkom\\app\\Views\\dashboard.php')
 3 SYSTEMPATH\View\View.php(231): CodeIgniter\View\View->CodeIgniter\View\{closure}()
 4 SYSTEMPATH\Common.php(1178): CodeIgniter\View\View->render('dashboard', [], true)
 5 APPPATH\Controllers\Dashboard.php(42): view('dashboard', [...])
 6 SYSTEMPATH\CodeIgniter.php(943): App\Controllers\Dashboard->index()
 7 SYSTEMPATH\CodeIgniter.php(503): CodeIgniter\CodeIgniter->runController(Object(App\Controllers\Dashboard))
 8 SYSTEMPATH\CodeIgniter.php(361): CodeIgniter\CodeIgniter->handleRequest(null, Object(Config\Cache), false)
 9 FCPATH\index.php(79): CodeIgniter\CodeIgniter->run()
10 SYSTEMPATH\Commands\Server\rewrite.php(47): require_once('D:\\laundry-tekkom\\public\\index.php')
INFO - 2024-04-19 23:40:33 --> Session: Class initialized using 'CodeIgniter\Session\Handlers\FileHandler' driver.
CRITICAL - 2024-04-19 23:40:33 --> ErrorException: Undefined variable $outlet
in APPPATH\Views\layout\template.php on line 249.
 1 APPPATH\Views\layout\template.php(249): CodeIgniter\Debug\Exceptions->errorHandler(2, 'Undefined variable $outlet', 'D:\\laundry-tekkom\\app\\Views\\layout\\template.php', 249)
 2 SYSTEMPATH\View\View.php(228): include('D:\\laundry-tekkom\\app\\Views\\layout\\template.php')
 3 SYSTEMPATH\View\View.php(231): CodeIgniter\View\View->CodeIgniter\View\{closure}()
 4 SYSTEMPATH\View\View.php(244): CodeIgniter\View\View->render('layout/template', [], true)
 5 SYSTEMPATH\Common.php(1178): CodeIgniter\View\View->render('dashboard', [], true)
 6 APPPATH\Controllers\Dashboard.php(42): view('dashboard', [...])
 7 SYSTEMPATH\CodeIgniter.php(943): App\Controllers\Dashboard->index()
 8 SYSTEMPATH\CodeIgniter.php(503): CodeIgniter\CodeIgniter->runController(Object(App\Controllers\Dashboard))
 9 SYSTEMPATH\CodeIgniter.php(361): CodeIgniter\CodeIgniter->handleRequest(null, Object(Config\Cache), false)
10 FCPATH\index.php(79): CodeIgniter\CodeIgniter->run()
11 SYSTEMPATH\Commands\Server\rewrite.php(47): require_once('D:\\laundry-tekkom\\public\\index.php')
INFO - 2024-04-19 23:40:56 --> Session: Class initialized using 'CodeIgniter\Session\Handlers\FileHandler' driver.
INFO - 2024-04-19 23:41:32 --> Session: Class initialized using 'CodeIgniter\Session\Handlers\FileHandler' driver.
CRITICAL - 2024-04-19 23:41:32 --> Error: Class "App\Models\OutletModel" not found
in APPPATH\Controllers\Registrasi.php on line 26.
 1 SYSTEMPATH\CodeIgniter.php(915): App\Controllers\Registrasi->__construct()
 2 SYSTEMPATH\CodeIgniter.php(494): CodeIgniter\CodeIgniter->createController()
 3 SYSTEMPATH\CodeIgniter.php(361): CodeIgniter\CodeIgniter->handleRequest(null, Object(Config\Cache), false)
 4 FCPATH\index.php(79): CodeIgniter\CodeIgniter->run()
 5 SYSTEMPATH\Commands\Server\rewrite.php(47): require_once('D:\\laundry-tekkom\\public\\index.php')
INFO - 2024-04-19 23:41:35 --> Session: Class initialized using 'CodeIgniter\Session\Handlers\FileHandler' driver.
INFO - 2024-04-19 23:41:57 --> Session: Class initialized using 'CodeIgniter\Session\Handlers\FileHandler' driver.
INFO - 2024-04-19 23:42:18 --> Session: Class initialized using 'CodeIgniter\Session\Handlers\FileHandler' driver.
CRITICAL - 2024-04-19 23:42:18 --> Error: Class "App\Models\OutletModel" not found
in APPPATH\Controllers\Registrasi.php on line 26.
 1 SYSTEMPATH\CodeIgniter.php(915): App\Controllers\Registrasi->__construct()
 2 SYSTEMPATH\CodeIgniter.php(494): CodeIgniter\CodeIgniter->createController()
 3 SYSTEMPATH\CodeIgniter.php(361): CodeIgniter\CodeIgniter->handleRequest(null, Object(Config\Cache), false)
 4 FCPATH\index.php(79): CodeIgniter\CodeIgniter->run()
 5 SYSTEMPATH\Commands\Server\rewrite.php(47): require_once('D:\\laundry-tekkom\\public\\index.php')
INFO - 2024-04-19 23:42:32 --> Session: Class initialized using 'CodeIgniter\Session\Handlers\FileHandler' driver.
CRITICAL - 2024-04-19 23:42:32 --> ErrorException: Undefined variable $outlet
in APPPATH\Views\registrasi.php on line 61.
 1 APPPATH\Views\registrasi.php(61): CodeIgniter\Debug\Exceptions->errorHandler(2, 'Undefined variable $outlet', 'D:\\laundry-tekkom\\app\\Views\\registrasi.php', 61)
 2 SYSTEMPATH\View\View.php(228): include('D:\\laundry-tekkom\\app\\Views\\registrasi.php')
 3 SYSTEMPATH\View\View.php(231): CodeIgniter\View\View->CodeIgniter\View\{closure}()
 4 SYSTEMPATH\Common.php(1178): CodeIgniter\View\View->render('registrasi', [], true)
 5 APPPATH\Controllers\Registrasi.php(38): view('registrasi', [...])
 6 SYSTEMPATH\CodeIgniter.php(943): App\Controllers\Registrasi->index()
 7 SYSTEMPATH\CodeIgniter.php(503): CodeIgniter\CodeIgniter->runController(Object(App\Controllers\Registrasi))
 8 SYSTEMPATH\CodeIgniter.php(361): CodeIgniter\CodeIgniter->handleRequest(null, Object(Config\Cache), false)
 9 FCPATH\index.php(79): CodeIgniter\CodeIgniter->run()
10 SYSTEMPATH\Commands\Server\rewrite.php(47): require_once('D:\\laundry-tekkom\\public\\index.php')
INFO - 2024-04-19 23:49:32 --> Session: Class initialized using 'CodeIgniter\Session\Handlers\FileHandler' driver.
INFO - 2024-04-19 23:49:47 --> Session: Class initialized using 'CodeIgniter\Session\Handlers\FileHandler' driver.
INFO - 2024-04-19 23:51:04 --> Session: Class initialized using 'CodeIgniter\Session\Handlers\FileHandler' driver.
INFO - 2024-04-19 23:51:05 --> Session: Class initialized using 'CodeIgniter\Session\Handlers\FileHandler' driver.
INFO - 2024-04-19 23:51:05 --> Session: Class initialized using 'CodeIgniter\Session\Handlers\FileHandler' driver.
INFO - 2024-04-19 23:51:14 --> Session: Class initialized using 'CodeIgniter\Session\Handlers\FileHandler' driver.
INFO - 2024-04-19 23:51:15 --> Session: Class initialized using 'CodeIgniter\Session\Handlers\FileHandler' driver.
INFO - 2024-04-19 23:52:10 --> Session: Class initialized using 'CodeIgniter\Session\Handlers\FileHandler' driver.
INFO - 2024-04-19 23:52:22 --> Session: Class initialized using 'CodeIgniter\Session\Handlers\FileHandler' driver.
INFO - 2024-04-19 23:54:27 --> Session: Class initialized using 'CodeIgniter\Session\Handlers\FileHandler' driver.
INFO - 2024-04-19 23:54:28 --> Session: Class initialized using 'CodeIgniter\Session\Handlers\FileHandler' driver.
INFO - 2024-04-19 23:54:28 --> Session: Class initialized using 'CodeIgniter\Session\Handlers\FileHandler' driver.
INFO - 2024-04-19 23:54:28 --> Session: Class initialized using 'CodeIgniter\Session\Handlers\FileHandler' driver.
INFO - 2024-04-19 23:55:56 --> Session: Class initialized using 'CodeIgniter\Session\Handlers\FileHandler' driver.
INFO - 2024-04-19 23:56:53 --> Session: Class initialized using 'CodeIgniter\Session\Handlers\FileHandler' driver.
INFO - 2024-04-19 23:57:50 --> Session: Class initialized using 'CodeIgniter\Session\Handlers\FileHandler' driver.
INFO - 2024-04-19 23:57:52 --> Session: Class initialized using 'CodeIgniter\Session\Handlers\FileHandler' driver.
INFO - 2024-04-19 23:57:52 --> Session: Class initialized using 'CodeIgniter\Session\Handlers\FileHandler' driver.
INFO - 2024-04-19 23:58:14 --> Session: Class initialized using 'CodeIgniter\Session\Handlers\FileHandler' driver.
INFO - 2024-04-19 23:58:15 --> Session: Class initialized using 'CodeIgniter\Session\Handlers\FileHandler' driver.
INFO - 2024-04-19 23:58:18 --> Session: Class initialized using 'CodeIgniter\Session\Handlers\FileHandler' driver.
INFO - 2024-04-19 23:58:29 --> Session: Class initialized using 'CodeIgniter\Session\Handlers\FileHandler' driver.
INFO - 2024-04-19 23:58:34 --> Session: Class initialized using 'CodeIgniter\Session\Handlers\FileHandler' driver.
INFO - 2024-04-19 23:58:47 --> Session: Class initialized using 'CodeIgniter\Session\Handlers\FileHandler' driver.
INFO - 2024-04-19 23:58:57 --> Session: Class initialized using 'CodeIgniter\Session\Handlers\FileHandler' driver.
